[33m‚ùØ[39m Building...
/*! üåº daisyUI 5.5.5 */
[32m‚úî[39m Building...
Application bundle generation failed. [10.708 seconds] - 2025-12-03T19:25:55.413Z

[1m[31m[31mX [41;31m[[41;97mERROR[41;31m][0m [1mTS2304: Cannot find name 'Router'.[0m [1m[35m[plugin angular-compiler][0m

    src/app/core/services/auth.service.ts:33:26:
[37m      33 ‚îÇ   private router = inject([32mRouter[37m);
         ‚ïµ                           [32m~~~~~~[0m


[31mX [41;31m[[41;97mERROR[41;31m][0m [1mTS2304: Cannot find name 'BehaviorSubject'.[0m [1m[35m[plugin angular-compiler][0m

    src/app/core/services/auth.service.ts:35:26:
[37m      35 ‚îÇ   private authState = new [32mBehaviorSubject[37m<{ user: User | null; ses...
         ‚ïµ                           [32m~~~~~~~~~~~~~~~[0m


[31mX [41;31m[[41;97mERROR[41;31m][0m [1mTS2304: Cannot find name 'Observable'.[0m [1m[35m[plugin angular-compiler][0m

    src/app/core/services/auth.service.ts:228:19:
[37m      228 ‚îÇ   getAuthState$(): [32mObservable[37m<{ user: User | null; session: Sessi...
          ‚ïµ                    [32m~~~~~~~~~~[0m


[31mX [41;31m[[41;97mERROR[41;31m][0m [1mTS7006: Parameter 'state' implicitly has an 'any' type.[0m [1m[35m[plugin angular-compiler][0m

    src/app/public/auth/login/login.component.ts:47:18:
[37m      47 ‚îÇ       .subscribe(([32mstate[37m) => {
         ‚ïµ                   [32m~~~~~[0m


[31mX [41;31m[[41;97mERROR[41;31m][0m [1mTS7006: Parameter 'state' implicitly has an 'any' type.[0m [1m[35m[plugin angular-compiler][0m

    src/app/public/auth/register/register.component.ts:51:18:
[37m      51 ‚îÇ       .subscribe(([32mstate[37m) => {
         ‚ïµ                   [32m~~~~~[0m


[31mX [41;31m[[41;97mERROR[41;31m][0m [1mTS2339: Property 'email' does not exist on type '{}'.[0m [1m[35m[plugin angular-compiler][0m

    src/app/public/layout/components/header/public-layout-header.html:231:80:
[37m      231 ‚îÇ ...gray-500 truncate" [title]="user?.[32memail[37m">{{ user?.email }}</span>
          ‚ïµ                                      [32m~~~~~[0m

  Error occurs in the template of component PublicLayoutHeader.

    src/app/public/layout/components/header/public-layout-header.ts:24:15:
[37m      24 ‚îÇ   templateUrl: [32m'./public-layout-header.html'[37m,
         ‚ïµ                [32m~~~~~~~~~~~~~~~~~~~~~~~~~~~~~[0m


[31mX [41;31m[[41;97mERROR[41;31m][0m [1mTS2339: Property 'email' does not exist on type '{}'.[0m [1m[35m[plugin angular-compiler][0m

    src/app/public/layout/components/header/public-layout-header.html:231:96:
[37m      231 ‚îÇ ...gray-500 truncate" [title]="user?.email">{{ user?.[32memail[37m }}</span>
          ‚ïµ                                                      [32m~~~~~[0m

  Error occurs in the template of component PublicLayoutHeader.

    src/app/public/layout/components/header/public-layout-header.ts:24:15:
[37m      24 ‚îÇ   templateUrl: [32m'./public-layout-header.html'[37m,
         ‚ïµ                [32m~~~~~~~~~~~~~~~~~~~~~~~~~~~~~[0m


[31mX [41;31m[[41;97mERROR[41;31m][0m [1mTS18046: 'state' is of type 'unknown'.[0m [1m[35m[plugin angular-compiler][0m

    src/app/public/layout/components/header/public-layout-header.ts:54:63:
[37m      54 ‚îÇ ...ser$ = this.authService.authState$.pipe(map(state => [32mstate[37m.user));
         ‚ïµ                                                         [32m~~~~~[0m


[31mX [41;31m[[41;97mERROR[41;31m][0m [1mTS7006: Parameter 'state' implicitly has an 'any' type.[0m [1m[35m[plugin angular-compiler][0m

    src/app/services/auth-helper.service.ts:48:42:
[37m      48 ‚îÇ     this.authService.authState$.subscribe([32mstate[37m => {
         ‚ïµ                                           [32m~~~~~[0m

[39m[22m
